<?xml version="1.0" encoding="UTF-8"?>
<!-- Generated by org.testng.reporters.JUnitXMLReporter -->
<testsuite hostname="AJRL141" ignored="0" name="Default test" tests="3" failures="0" timestamp="30 Nov 2021 13:15:41 GMT" time="40.699" errors="0">
  <testcase name="VerifyLoginPageTitleTest" time="0.055" classname="com.btext.qa.Testcases.LoginPageTest"/>
  <testcase name="VerifyBanterLogoTest" time="0.322" classname="com.btext.qa.Testcases.LoginPageTest"/>
  <testcase name="VerifyloginPageTest" time="11.251" classname="com.btext.qa.Testcases.LoginPageTest"/>
</testsuite> <!-- Default test -->
