<?xml version="1.0" encoding="UTF-8"?>
<!-- Generated by org.testng.reporters.JUnitXMLReporter -->
<testsuite hostname="AJRL141" ignored="0" name="Test" tests="3" failures="0" timestamp="01 Dec 2021 09:01:30 GMT" time="34.719" errors="0">
  <testcase name="VerifyLoginPageTitleTest" time="0.035" classname="com.btext.qa.Testcases.LoginPageTest"/>
  <testcase name="VerifyBanterLogoTest" time="0.246" classname="com.btext.qa.Testcases.LoginPageTest"/>
  <testcase name="VerifyloginPageTest" time="10.988" classname="com.btext.qa.Testcases.LoginPageTest"/>
</testsuite> <!-- Test -->
