<?xml version="1.0" encoding="UTF-8"?>
<testng-results skipped="0" failed="0" ignored="0" total="3" passed="3">
  <reporter-output>
  </reporter-output>
  <suite name="Suite" duration-ms="34719" started-at="2021-12-01T09:00:56Z" finished-at="2021-12-01T09:01:30Z">
    <groups>
    </groups>
    <test name="Test" duration-ms="34719" started-at="2021-12-01T09:00:56Z" finished-at="2021-12-01T09:01:30Z">
      <class name="com.btext.qa.Testcases.LoginPageTest">
        <test-method status="PASS" signature="setUp()[pri:0, instance:com.btext.qa.Testcases.LoginPageTest@685cb137]" name="setUp" is-config="true" duration-ms="23386" started-at="2021-12-01T14:30:56Z" finished-at="2021-12-01T14:31:19Z">
          <reporter-output>
          </reporter-output>
        </test-method> <!-- setUp -->
        <test-method status="PASS" signature="tearDown()[pri:0, instance:com.btext.qa.Testcases.LoginPageTest@685cb137]" name="tearDown" is-config="true" duration-ms="1" started-at="2021-12-01T14:31:19Z" finished-at="2021-12-01T14:31:19Z">
          <reporter-output>
          </reporter-output>
        </test-method> <!-- tearDown -->
        <test-method status="PASS" signature="VerifyLoginPageTitleTest()[pri:1, instance:com.btext.qa.Testcases.LoginPageTest@685cb137]" name="VerifyLoginPageTitleTest" duration-ms="35" started-at="2021-12-01T14:31:19Z" finished-at="2021-12-01T14:31:19Z">
          <reporter-output>
          </reporter-output>
        </test-method> <!-- VerifyLoginPageTitleTest -->
        <test-method status="PASS" signature="VerifyBanterLogoTest()[pri:2, instance:com.btext.qa.Testcases.LoginPageTest@685cb137]" name="VerifyBanterLogoTest" duration-ms="246" started-at="2021-12-01T14:31:19Z" finished-at="2021-12-01T14:31:19Z">
          <reporter-output>
          </reporter-output>
        </test-method> <!-- VerifyBanterLogoTest -->
        <test-method status="PASS" signature="VerifyloginPageTest()[pri:3, instance:com.btext.qa.Testcases.LoginPageTest@685cb137]" name="VerifyloginPageTest" duration-ms="10988" started-at="2021-12-01T14:31:19Z" finished-at="2021-12-01T14:31:30Z">
          <reporter-output>
          </reporter-output>
        </test-method> <!-- VerifyloginPageTest -->
      </class> <!-- com.btext.qa.Testcases.LoginPageTest -->
    </test> <!-- Test -->
  </suite> <!-- Suite -->
</testng-results>
